This file contains any messages produced by compilers while
running CMake, to aid debugging if configure makes a mistake.

It was created by quadruped-walkgen CMake configuration process 0.0.0, which was
generated by CMake 3.10.2.

## --------- ##
## Platform. ##
## --------- ##

hostname = tsukubasan
system = Linux-4.15.0-112-generic
processor = x86_64
generator = Unix Makefiles

PATH /opt/openrobots/bin
PATH /home/tcorberes/.local/bin
PATH /usr/local/sbin
PATH /usr/local/bin
PATH /usr/sbin
PATH /usr/bin
PATH /sbin
PATH /bin
PATH /usr/games
PATH /usr/local/games
PATH /snap/bin

PKG_CONFIG_PATH /opt/openrobots/lib/pkgconfig
PKG_CONFIG_PATH 

## ---------------- ##
## CMake variables. ##
## ---------------- ##

CMAKE_ROOT = /usr/share/cmake-3.10
CMAKE_INCLUDE_PATH = 
CMAKE_LIBRARY_PATH = 
CMAKE_PREFIX_PATH = 
CMAKE_INSTALL_ALWAYS = 
CMAKE_SKIP_RPATH = NO
CMAKE_SUPPRESS_REGENERATION = 
BUILD_SHARED_LIBS = 

CMAKE_INSTALL_PREFIX = /home/tcorberes/Desktop/sfe/quadruped_walkgen_python
PROJECT_SOURCE_DIR = /home/tcorberes/Desktop/sfe/quadruped-walkgen
PROJECT_SOURCE_DIR = /home/tcorberes/Desktop/sfe/quadruped-walkgen
PROJECT_BINARY_DIR = /home/tcorberes/Desktop/sfe/quadruped-walkgen/build_
CMAKE_BINARY_DIR = /home/tcorberes/Desktop/sfe/quadruped-walkgen/build_

CMAKE_AR = /usr/bin/ar
CMAKE_RANLIB = /usr/bin/ranlib
CMAKE_BUILD_TYPE = RELEASE
CMAKE_CONFIGURATION_TYPES = 
CMAKE_SHARED_LINKER_FLAGS = 

CMAKE_C_COMPILER = 
CMAKE_C_FLAGS = 
CMAKE_C_FLAGS_DEBUG = 
CMAKE_C_FLAGS_RELEASE = 
CMAKE_CXX_COMPILER = /usr/bin/c++
CMAKE_CXX_FLAGS = -Werror  -pedantic -Wno-long-long -Wall -Wextra -Wcast-align -Wcast-qual -Wformat -Wwrite-strings -Wconversion 
CMAKE_CXX_FLAGS_DEBUG = -g
CMAKE_CXX_FLAGS_RELEASE = -O3 -DNDEBUG
CMAKE_CXX_FLAGS_RELWITHDEBINFO = -O2 -g -DNDEBUG

CMAKE_STATIC_LIBRARY_PREFIX = lib
CMAKE_STATIC_LIBRARY_SUFFIX = .a
CMAKE_SHARED_LIBRARY_PREFIX = lib
CMAKE_SHARED_LIBRARY_SUFFIX = .so
CMAKE_SHARED_MODULE_PREFIX = lib
CMAKE_SHARED_MODULE_SUFFIX = .so

## ------------------ ##
## Watched variables. ##
## ------------------ ##

WARNING_CXX_FLAGS = -Werror  -pedantic -Wno-long-long -Wall -Wextra -Wcast-align -Wcast-qual -Wformat -Wwrite-strings -Wconversion
_PKG_CONFIG_FOUND = undefined
PKG_CONFIG_EXECUTABLE = /usr/bin/pkg-config
_PKG_CONFIG_PREFIX = /home/tcorberes/Desktop/sfe/quadruped_walkgen_python
_PKG_CONFIG_EXEC_PREFIX = /home/tcorberes/Desktop/sfe/quadruped_walkgen_python
_PKG_CONFIG_LIBDIR = /opt/openrobots/lib
_PKG_CONFIG_BINDIR = /home/tcorberes/Desktop/sfe/quadruped_walkgen_python/bin
_PKG_CONFIG_PKGLIBDIR = /home/tcorberes/Desktop/sfe/quadruped_walkgen_python/lib/quadruped-walkgen
_PKG_CONFIG_INCLUDEDIR = /home/tcorberes/Desktop/sfe/quadruped_walkgen_python/include
_PKG_CONFIG_DATAROOTDIR = /home/tcorberes/Desktop/sfe/quadruped_walkgen_python/share
_PKG_CONFIG_PKGDATAROOTDIR = /home/tcorberes/Desktop/sfe/quadruped_walkgen_python/share
_PKG_CONFIG_DOCDIR = /home/tcorberes/Desktop/sfe/quadruped_walkgen_python/share/doc/quadruped-walkgen
_PKG_CONFIG_DOXYGENDOCDIR = /home/tcorberes/Desktop/sfe/quadruped_walkgen_python/share/doc/quadruped-walkgen/doxygen-html
_PKG_CONFIG_PROJECT_NAME = quadruped-walkgen
_PKG_CONFIG_DESCRIPTION = MPC Controller using Crocoddyl
_PKG_CONFIG_URL = https://gitlab.laas.fr/loco-3d/quadruped-walkgen
_PKG_CONFIG_VERSION = 0.0.0
_PKG_CONFIG_REQUIRES = 
_PKG_CONFIG_REQUIRES_DEBUG = 
_PKG_CONFIG_REQUIRES_OPTIMIZED = 
_PKG_CONFIG_COMPILE_TIME_REQUIRES = 
_PKG_CONFIG_CONFLICTS = 
_PKG_CONFIG_LIBS = 
_PKG_CONFIG_LIBS_DEBUG = -L${libdir}
_PKG_CONFIG_LIBS_OPTIMIZED = -L${libdir}
_PKG_CONFIG_LIBS_PRIVATE = 
_PKG_CONFIG_CFLAGS = -I${includedir} -I/usr/include
_PKG_CONFIG_CFLAGS_DEBUG = 
_PKG_CONFIG_CFLAGS_OPTIMIZED = 
_PKG_CONFIG_FILENAME = quadruped-walkgen.pc
PKG_CONFIG_EXTRA = 
DOXYGEN_SKIP_DOT = undefined
DOXYGEN_EXECUTABLE = /usr/bin/doxygen
DOXYGEN_FOUND = YES
DOXYGEN_DOT_EXECUTABLE = /usr/bin/dot
DOXYGEN_DOT_FOUND = YES
DOXYGEN_DOT_PATH = /usr/bin
DOXYGEN_DOT_IMAGE_FORMAT = undefined
DOXYGEN_USE_MATHJAX = undefined
DOXYGEN_USE_TEMPLATE_CSS = undefined
PYTHONINTERP_FOUND = TRUE
PYTHONLIBS_FOUND = TRUE
PYTHON_LIBRARY_DIRS = /usr/lib/x86_64-linux-gnu
PYTHONLIBS_VERSION_STRING = 3.6.9
PYTHON_EXECUTABLE = /usr/bin/python3.6
PYTHON_SOABI = .cpython-36m-x86_64-linux-gnu
PYTHON_EXT_SUFFIX = .cpython-36m-x86_64-linux-gnu.so
Boost_USE_MULTITHREADED = ON
Boost_USE_STATIC_LIBS = OFF
Boost_ADDITIONAL_VERSIONS = undefined
Boost_DEBUG = undefined
Boost_COMPILER = undefined
BOOST_ROOT = undefined
BOOSTROOT = undefined
BOOST_INCLUDEDIR = undefined
BOOST_LIBRARYDIR = undefined
Boost_FOUND = 1
Boost_INCLUDE_DIRS = /usr/include
Boost_INCLUDE_DIR = /usr/include
Boost_LIBRARIES = /usr/lib/x86_64-linux-gnu/libboost_filesystem.so;/usr/lib/x86_64-linux-gnu/libboost_system.so
Boost_LIBRARY_DIRS = /usr/lib/x86_64-linux-gnu
Boost_VERSION = 106501
Boost_LIB_VERSION = 1_65_1
Boost_MAJOR_VERSION = 1
Boost_MINOR_VERSION = 65
Boost_SUBMINOR_VERSION = 1
Boost_LIB_DIAGNOSTIC_DEFINITIONS = undefined
Boost_FILESYSTEM_FOUND = ON
Boost_FILESYSTEM_LIBRARY = /usr/lib/x86_64-linux-gnu/libboost_filesystem.so
Boost_FILESYSTEM_LIBRARY_DEBUG = /usr/lib/x86_64-linux-gnu/libboost_filesystem.so
Boost_FILESYSTEM_LIBRARY_RELEASE = /usr/lib/x86_64-linux-gnu/libboost_filesystem.so
Boost_SYSTEM_FOUND = ON
Boost_SYSTEM_LIBRARY = /usr/lib/x86_64-linux-gnu/libboost_system.so
Boost_SYSTEM_LIBRARY_DEBUG = /usr/lib/x86_64-linux-gnu/libboost_system.so
Boost_SYSTEM_LIBRARY_RELEASE = /usr/lib/x86_64-linux-gnu/libboost_system.so
Boost_PYTHON3_FOUND = ON
Boost_PYTHON3_LIBRARY = /usr/lib/x86_64-linux-gnu/libboost_python3.so
Boost_PYTHON3_LIBRARY_DEBUG = /usr/lib/x86_64-linux-gnu/libboost_python3.so
Boost_PYTHON3_LIBRARY_RELEASE = /usr/lib/x86_64-linux-gnu/libboost_python3.so
python_comp_pos = 0
Boost_PYTHON_LIBRARY = /usr/lib/x86_64-linux-gnu/libboost_python3.so
## ---------------- ##
## Watched targets. ##
## ---------------- ##

