warning: source /home/tcorberes/Desktop/sfe/quadruped-walkgen/doc/pictures is not a readable file or directory... skipping.
/home/tcorberes/Desktop/sfe/quadruped-walkgen/include/quadruped-walkgen/quadruped.hxx:9: warning: documented symbol `quadruped_walkgen::ActionModelQuadrupedTpl::ActionModelQuadrupedTpl' was not declared or defined.
/home/tcorberes/Desktop/sfe/quadruped-walkgen/include/quadruped-walkgen/quadruped.hxx:64: warning: documented symbol `quadruped_walkgen::ActionModelQuadrupedTpl::~ActionModelQuadrupedTpl' was not declared or defined.
/home/tcorberes/Desktop/sfe/quadruped-walkgen/include/quadruped-walkgen/quadruped.hxx:68: warning: documented symbol `void quadruped_walkgen::ActionModelQuadrupedTpl::calc' was not declared or defined.
/home/tcorberes/Desktop/sfe/quadruped-walkgen/include/quadruped-walkgen/quadruped.hxx:127: warning: documented symbol `void quadruped_walkgen::ActionModelQuadrupedTpl::calcDiff' was not declared or defined.
/home/tcorberes/Desktop/sfe/quadruped-walkgen/include/quadruped-walkgen/quadruped.hxx:209: warning: documented symbol `boost::shared_ptr< crocoddyl::ActionDataAbstractTpl< Scalar > > quadruped_walkgen::ActionModelQuadrupedTpl::createData' was not declared or defined.
/home/tcorberes/Desktop/sfe/quadruped-walkgen/include/quadruped-walkgen/quadruped.hxx:218: warning: documented symbol `const Eigen::Matrix< Scalar, 12, 1 > & quadruped_walkgen::ActionModelQuadrupedTpl::get_force_weights' was not declared or defined.
/home/tcorberes/Desktop/sfe/quadruped-walkgen/include/quadruped-walkgen/quadruped.hxx:222: warning: documented symbol `void quadruped_walkgen::ActionModelQuadrupedTpl::set_force_weights' was not declared or defined.
/home/tcorberes/Desktop/sfe/quadruped-walkgen/include/quadruped-walkgen/quadruped.hxx:232: warning: documented symbol `const Eigen::Matrix< Scalar, 12, 1 > & quadruped_walkgen::ActionModelQuadrupedTpl::get_state_weights' was not declared or defined.
/home/tcorberes/Desktop/sfe/quadruped-walkgen/include/quadruped-walkgen/quadruped.hxx:236: warning: documented symbol `void quadruped_walkgen::ActionModelQuadrupedTpl::set_state_weights' was not declared or defined.
/home/tcorberes/Desktop/sfe/quadruped-walkgen/include/quadruped-walkgen/quadruped.hxx:246: warning: documented symbol `const Scalar & quadruped_walkgen::ActionModelQuadrupedTpl::get_friction_weight' was not declared or defined.
/home/tcorberes/Desktop/sfe/quadruped-walkgen/include/quadruped-walkgen/quadruped.hxx:250: warning: documented symbol `void quadruped_walkgen::ActionModelQuadrupedTpl::set_friction_weight' was not declared or defined.
/home/tcorberes/Desktop/sfe/quadruped-walkgen/include/quadruped-walkgen/quadruped.hxx:256: warning: documented symbol `const Scalar & quadruped_walkgen::ActionModelQuadrupedTpl::get_mu' was not declared or defined.
/home/tcorberes/Desktop/sfe/quadruped-walkgen/include/quadruped-walkgen/quadruped.hxx:260: warning: documented symbol `void quadruped_walkgen::ActionModelQuadrupedTpl::set_mu' was not declared or defined.
/home/tcorberes/Desktop/sfe/quadruped-walkgen/include/quadruped-walkgen/quadruped.hxx:265: warning: documented symbol `const Scalar & quadruped_walkgen::ActionModelQuadrupedTpl::get_mass' was not declared or defined.
/home/tcorberes/Desktop/sfe/quadruped-walkgen/include/quadruped-walkgen/quadruped.hxx:269: warning: documented symbol `void quadruped_walkgen::ActionModelQuadrupedTpl::set_mass' was not declared or defined.
/home/tcorberes/Desktop/sfe/quadruped-walkgen/include/quadruped-walkgen/quadruped.hxx:275: warning: documented symbol `const Scalar & quadruped_walkgen::ActionModelQuadrupedTpl::get_dt' was not declared or defined.
/home/tcorberes/Desktop/sfe/quadruped-walkgen/include/quadruped-walkgen/quadruped.hxx:279: warning: documented symbol `void quadruped_walkgen::ActionModelQuadrupedTpl::set_dt' was not declared or defined.
/home/tcorberes/Desktop/sfe/quadruped-walkgen/include/quadruped-walkgen/quadruped.hxx:287: warning: documented symbol `const Eigen::Matrix< Scalar, 3, 3 > & quadruped_walkgen::ActionModelQuadrupedTpl::get_gI' was not declared or defined.
/home/tcorberes/Desktop/sfe/quadruped-walkgen/include/quadruped-walkgen/quadruped.hxx:291: warning: documented symbol `void quadruped_walkgen::ActionModelQuadrupedTpl::set_gI' was not declared or defined.
/home/tcorberes/Desktop/sfe/quadruped-walkgen/include/quadruped-walkgen/quadruped.hxx:301: warning: documented symbol `const Scalar & quadruped_walkgen::ActionModelQuadrupedTpl::get_min_fz_contact' was not declared or defined.
/home/tcorberes/Desktop/sfe/quadruped-walkgen/include/quadruped-walkgen/quadruped.hxx:306: warning: documented symbol `void quadruped_walkgen::ActionModelQuadrupedTpl::set_min_fz_contact' was not declared or defined.
/home/tcorberes/Desktop/sfe/quadruped-walkgen/include/quadruped-walkgen/quadruped.hxx:312: warning: documented symbol `const Scalar & quadruped_walkgen::ActionModelQuadrupedTpl::get_max_fz_contact' was not declared or defined.
/home/tcorberes/Desktop/sfe/quadruped-walkgen/include/quadruped-walkgen/quadruped.hxx:317: warning: documented symbol `void quadruped_walkgen::ActionModelQuadrupedTpl::set_max_fz_contact' was not declared or defined.
/home/tcorberes/Desktop/sfe/quadruped-walkgen/include/quadruped-walkgen/quadruped.hxx:330: warning: documented symbol `const Eigen::Matrix< Scalar, 12, 12 > & quadruped_walkgen::ActionModelQuadrupedTpl::get_A' was not declared or defined.
/home/tcorberes/Desktop/sfe/quadruped-walkgen/include/quadruped-walkgen/quadruped.hxx:334: warning: documented symbol `const Eigen::Matrix< Scalar, 12, 12 > & quadruped_walkgen::ActionModelQuadrupedTpl::get_B' was not declared or defined.
/home/tcorberes/Desktop/sfe/quadruped-walkgen/include/quadruped-walkgen/quadruped.hxx:339: warning: documented symbol `const Scalar & quadruped_walkgen::ActionModelQuadrupedTpl::get_shoulder_hlim' was not declared or defined.
/home/tcorberes/Desktop/sfe/quadruped-walkgen/include/quadruped-walkgen/quadruped.hxx:343: warning: documented symbol `void quadruped_walkgen::ActionModelQuadrupedTpl::set_shoulder_hlim' was not declared or defined.
/home/tcorberes/Desktop/sfe/quadruped-walkgen/include/quadruped-walkgen/quadruped.hxx:349: warning: documented symbol `const Scalar & quadruped_walkgen::ActionModelQuadrupedTpl::get_shoulder_weight' was not declared or defined.
/home/tcorberes/Desktop/sfe/quadruped-walkgen/include/quadruped-walkgen/quadruped.hxx:353: warning: documented symbol `void quadruped_walkgen::ActionModelQuadrupedTpl::set_shoulder_weight' was not declared or defined.
/home/tcorberes/Desktop/sfe/quadruped-walkgen/include/quadruped-walkgen/quadruped.hxx:364: warning: documented symbol `void quadruped_walkgen::ActionModelQuadrupedTpl::update_model' was not declared or defined.
/home/tcorberes/Desktop/sfe/quadruped-walkgen/include/quadruped-walkgen/quadruped_augmented.hxx:9: warning: documented symbol `quadruped_walkgen::ActionModelQuadrupedAugmentedTpl::ActionModelQuadrupedAugmentedTpl' was not declared or defined.
/home/tcorberes/Desktop/sfe/quadruped-walkgen/include/quadruped-walkgen/quadruped_augmented.hxx:80: warning: documented symbol `quadruped_walkgen::ActionModelQuadrupedAugmentedTpl::~ActionModelQuadrupedAugmentedTpl' was not declared or defined.
/home/tcorberes/Desktop/sfe/quadruped-walkgen/include/quadruped-walkgen/quadruped_augmented.hxx:84: warning: documented symbol `void quadruped_walkgen::ActionModelQuadrupedAugmentedTpl::calc' was not declared or defined.
/home/tcorberes/Desktop/sfe/quadruped-walkgen/include/quadruped-walkgen/quadruped_augmented.hxx:160: warning: documented symbol `void quadruped_walkgen::ActionModelQuadrupedAugmentedTpl::calcDiff' was not declared or defined.
/home/tcorberes/Desktop/sfe/quadruped-walkgen/include/quadruped-walkgen/quadruped_augmented.hxx:298: warning: documented symbol `boost::shared_ptr< crocoddyl::ActionDataAbstractTpl< Scalar > > quadruped_walkgen::ActionModelQuadrupedAugmentedTpl::createData' was not declared or defined.
/home/tcorberes/Desktop/sfe/quadruped-walkgen/include/quadruped-walkgen/quadruped_augmented.hxx:307: warning: documented symbol `const Eigen::Matrix< Scalar, 12, 1 > & quadruped_walkgen::ActionModelQuadrupedAugmentedTpl::get_force_weights' was not declared or defined.
/home/tcorberes/Desktop/sfe/quadruped-walkgen/include/quadruped-walkgen/quadruped_augmented.hxx:311: warning: documented symbol `void quadruped_walkgen::ActionModelQuadrupedAugmentedTpl::set_force_weights' was not declared or defined.
/home/tcorberes/Desktop/sfe/quadruped-walkgen/include/quadruped-walkgen/quadruped_augmented.hxx:321: warning: documented symbol `const Eigen::Matrix< Scalar, 12, 1 > & quadruped_walkgen::ActionModelQuadrupedAugmentedTpl::get_state_weights' was not declared or defined.
/home/tcorberes/Desktop/sfe/quadruped-walkgen/include/quadruped-walkgen/quadruped_augmented.hxx:325: warning: documented symbol `void quadruped_walkgen::ActionModelQuadrupedAugmentedTpl::set_state_weights' was not declared or defined.
/home/tcorberes/Desktop/sfe/quadruped-walkgen/include/quadruped-walkgen/quadruped_augmented.hxx:334: warning: documented symbol `const Eigen::Matrix< Scalar, 8, 1 > & quadruped_walkgen::ActionModelQuadrupedAugmentedTpl::get_shoulder_weights' was not declared or defined.
/home/tcorberes/Desktop/sfe/quadruped-walkgen/include/quadruped-walkgen/quadruped_augmented.hxx:338: warning: documented symbol `void quadruped_walkgen::ActionModelQuadrupedAugmentedTpl::set_shoulder_weights' was not declared or defined.
/home/tcorberes/Desktop/sfe/quadruped-walkgen/include/quadruped-walkgen/quadruped_augmented.hxx:347: warning: documented symbol `const Eigen::Matrix< Scalar, 8, 1 > & quadruped_walkgen::ActionModelQuadrupedAugmentedTpl::get_shoulder_position' was not declared or defined.
/home/tcorberes/Desktop/sfe/quadruped-walkgen/include/quadruped-walkgen/quadruped_augmented.hxx:351: warning: documented symbol `void quadruped_walkgen::ActionModelQuadrupedAugmentedTpl::set_shoulder_position' was not declared or defined.
/home/tcorberes/Desktop/sfe/quadruped-walkgen/include/quadruped-walkgen/quadruped_augmented.hxx:360: warning: documented symbol `const Eigen::Matrix< Scalar, 8, 1 > & quadruped_walkgen::ActionModelQuadrupedAugmentedTpl::get_last_position_weights' was not declared or defined.
/home/tcorberes/Desktop/sfe/quadruped-walkgen/include/quadruped-walkgen/quadruped_augmented.hxx:364: warning: documented symbol `void quadruped_walkgen::ActionModelQuadrupedAugmentedTpl::set_last_position_weights' was not declared or defined.
/home/tcorberes/Desktop/sfe/quadruped-walkgen/include/quadruped-walkgen/quadruped_augmented.hxx:375: warning: documented symbol `const Scalar & quadruped_walkgen::ActionModelQuadrupedAugmentedTpl::get_friction_weight' was not declared or defined.
/home/tcorberes/Desktop/sfe/quadruped-walkgen/include/quadruped-walkgen/quadruped_augmented.hxx:379: warning: documented symbol `void quadruped_walkgen::ActionModelQuadrupedAugmentedTpl::set_friction_weight' was not declared or defined.
/home/tcorberes/Desktop/sfe/quadruped-walkgen/include/quadruped-walkgen/quadruped_augmented.hxx:385: warning: documented symbol `const Scalar & quadruped_walkgen::ActionModelQuadrupedAugmentedTpl::get_mu' was not declared or defined.
/home/tcorberes/Desktop/sfe/quadruped-walkgen/include/quadruped-walkgen/quadruped_augmented.hxx:389: warning: documented symbol `void quadruped_walkgen::ActionModelQuadrupedAugmentedTpl::set_mu' was not declared or defined.
/home/tcorberes/Desktop/sfe/quadruped-walkgen/include/quadruped-walkgen/quadruped_augmented.hxx:394: warning: documented symbol `const Scalar & quadruped_walkgen::ActionModelQuadrupedAugmentedTpl::get_mass' was not declared or defined.
/home/tcorberes/Desktop/sfe/quadruped-walkgen/include/quadruped-walkgen/quadruped_augmented.hxx:398: warning: documented symbol `void quadruped_walkgen::ActionModelQuadrupedAugmentedTpl::set_mass' was not declared or defined.
/home/tcorberes/Desktop/sfe/quadruped-walkgen/include/quadruped-walkgen/quadruped_augmented.hxx:404: warning: documented symbol `const Scalar & quadruped_walkgen::ActionModelQuadrupedAugmentedTpl::get_dt' was not declared or defined.
/home/tcorberes/Desktop/sfe/quadruped-walkgen/include/quadruped-walkgen/quadruped_augmented.hxx:408: warning: documented symbol `void quadruped_walkgen::ActionModelQuadrupedAugmentedTpl::set_dt' was not declared or defined.
/home/tcorberes/Desktop/sfe/quadruped-walkgen/include/quadruped-walkgen/quadruped_augmented.hxx:416: warning: documented symbol `const Eigen::Matrix< Scalar, 3, 3 > & quadruped_walkgen::ActionModelQuadrupedAugmentedTpl::get_gI' was not declared or defined.
/home/tcorberes/Desktop/sfe/quadruped-walkgen/include/quadruped-walkgen/quadruped_augmented.hxx:420: warning: documented symbol `void quadruped_walkgen::ActionModelQuadrupedAugmentedTpl::set_gI' was not declared or defined.
/home/tcorberes/Desktop/sfe/quadruped-walkgen/include/quadruped-walkgen/quadruped_augmented.hxx:430: warning: documented symbol `const Scalar & quadruped_walkgen::ActionModelQuadrupedAugmentedTpl::get_min_fz_contact' was not declared or defined.
/home/tcorberes/Desktop/sfe/quadruped-walkgen/include/quadruped-walkgen/quadruped_augmented.hxx:435: warning: documented symbol `void quadruped_walkgen::ActionModelQuadrupedAugmentedTpl::set_min_fz_contact' was not declared or defined.
/home/tcorberes/Desktop/sfe/quadruped-walkgen/include/quadruped-walkgen/quadruped_augmented.hxx:441: warning: documented symbol `const bool & quadruped_walkgen::ActionModelQuadrupedAugmentedTpl::get_symmetry_term' was not declared or defined.
/home/tcorberes/Desktop/sfe/quadruped-walkgen/include/quadruped-walkgen/quadruped_augmented.hxx:445: warning: documented symbol `void quadruped_walkgen::ActionModelQuadrupedAugmentedTpl::set_symmetry_term' was not declared or defined.
/home/tcorberes/Desktop/sfe/quadruped-walkgen/include/quadruped-walkgen/quadruped_augmented.hxx:451: warning: documented symbol `const bool & quadruped_walkgen::ActionModelQuadrupedAugmentedTpl::get_centrifugal_term' was not declared or defined.
/home/tcorberes/Desktop/sfe/quadruped-walkgen/include/quadruped-walkgen/quadruped_augmented.hxx:455: warning: documented symbol `void quadruped_walkgen::ActionModelQuadrupedAugmentedTpl::set_centrifugal_term' was not declared or defined.
/home/tcorberes/Desktop/sfe/quadruped-walkgen/include/quadruped-walkgen/quadruped_augmented.hxx:461: warning: documented symbol `const Scalar & quadruped_walkgen::ActionModelQuadrupedAugmentedTpl::get_T_gait' was not declared or defined.
/home/tcorberes/Desktop/sfe/quadruped-walkgen/include/quadruped-walkgen/quadruped_augmented.hxx:466: warning: documented symbol `void quadruped_walkgen::ActionModelQuadrupedAugmentedTpl::set_T_gait' was not declared or defined.
/home/tcorberes/Desktop/sfe/quadruped-walkgen/include/quadruped-walkgen/quadruped_augmented.hxx:472: warning: documented symbol `const Scalar & quadruped_walkgen::ActionModelQuadrupedAugmentedTpl::get_shoulder_hlim' was not declared or defined.
/home/tcorberes/Desktop/sfe/quadruped-walkgen/include/quadruped-walkgen/quadruped_augmented.hxx:476: warning: documented symbol `void quadruped_walkgen::ActionModelQuadrupedAugmentedTpl::set_shoulder_hlim' was not declared or defined.
/home/tcorberes/Desktop/sfe/quadruped-walkgen/include/quadruped-walkgen/quadruped_augmented.hxx:482: warning: documented symbol `const Scalar & quadruped_walkgen::ActionModelQuadrupedAugmentedTpl::get_shoulder_weight' was not declared or defined.
/home/tcorberes/Desktop/sfe/quadruped-walkgen/include/quadruped-walkgen/quadruped_augmented.hxx:486: warning: documented symbol `void quadruped_walkgen::ActionModelQuadrupedAugmentedTpl::set_shoulder_weight' was not declared or defined.
/home/tcorberes/Desktop/sfe/quadruped-walkgen/include/quadruped-walkgen/quadruped_augmented.hxx:497: warning: documented symbol `const Eigen::Matrix< Scalar, 12, 12 > & quadruped_walkgen::ActionModelQuadrupedAugmentedTpl::get_A' was not declared or defined.
/home/tcorberes/Desktop/sfe/quadruped-walkgen/include/quadruped-walkgen/quadruped_augmented.hxx:501: warning: documented symbol `const Eigen::Matrix< Scalar, 12, 12 > & quadruped_walkgen::ActionModelQuadrupedAugmentedTpl::get_B' was not declared or defined.
/home/tcorberes/Desktop/sfe/quadruped-walkgen/include/quadruped-walkgen/quadruped_augmented.hxx:511: warning: documented symbol `void quadruped_walkgen::ActionModelQuadrupedAugmentedTpl::update_model' was not declared or defined.
/home/tcorberes/Desktop/sfe/quadruped-walkgen/include/quadruped-walkgen/quadruped_augmented_time.hxx:9: warning: documented symbol `quadruped_walkgen::ActionModelQuadrupedAugmentedTimeTpl::ActionModelQuadrupedAugmentedTimeTpl' was not declared or defined.
/home/tcorberes/Desktop/sfe/quadruped-walkgen/include/quadruped-walkgen/quadruped_augmented_time.hxx:82: warning: documented symbol `quadruped_walkgen::ActionModelQuadrupedAugmentedTimeTpl::~ActionModelQuadrupedAugmentedTimeTpl' was not declared or defined.
/home/tcorberes/Desktop/sfe/quadruped-walkgen/include/quadruped-walkgen/quadruped_augmented_time.hxx:86: warning: documented symbol `void quadruped_walkgen::ActionModelQuadrupedAugmentedTimeTpl::calc' was not declared or defined.
/home/tcorberes/Desktop/sfe/quadruped-walkgen/include/quadruped-walkgen/quadruped_augmented_time.hxx:162: warning: documented symbol `void quadruped_walkgen::ActionModelQuadrupedAugmentedTimeTpl::calcDiff' was not declared or defined.
/home/tcorberes/Desktop/sfe/quadruped-walkgen/include/quadruped-walkgen/quadruped_augmented_time.hxx:243: warning: documented symbol `boost::shared_ptr< crocoddyl::ActionDataAbstractTpl< Scalar > > quadruped_walkgen::ActionModelQuadrupedAugmentedTimeTpl::createData' was not declared or defined.
/home/tcorberes/Desktop/sfe/quadruped-walkgen/include/quadruped-walkgen/quadruped_augmented_time.hxx:252: warning: documented symbol `const Eigen::Matrix< Scalar, 12, 1 > & quadruped_walkgen::ActionModelQuadrupedAugmentedTimeTpl::get_force_weights' was not declared or defined.
/home/tcorberes/Desktop/sfe/quadruped-walkgen/include/quadruped-walkgen/quadruped_augmented_time.hxx:256: warning: documented symbol `void quadruped_walkgen::ActionModelQuadrupedAugmentedTimeTpl::set_force_weights' was not declared or defined.
/home/tcorberes/Desktop/sfe/quadruped-walkgen/include/quadruped-walkgen/quadruped_augmented_time.hxx:266: warning: documented symbol `const Eigen::Matrix< Scalar, 12, 1 > & quadruped_walkgen::ActionModelQuadrupedAugmentedTimeTpl::get_state_weights' was not declared or defined.
/home/tcorberes/Desktop/sfe/quadruped-walkgen/include/quadruped-walkgen/quadruped_augmented_time.hxx:270: warning: documented symbol `void quadruped_walkgen::ActionModelQuadrupedAugmentedTimeTpl::set_state_weights' was not declared or defined.
/home/tcorberes/Desktop/sfe/quadruped-walkgen/include/quadruped-walkgen/quadruped_augmented_time.hxx:279: warning: documented symbol `const Eigen::Matrix< Scalar, 8, 1 > & quadruped_walkgen::ActionModelQuadrupedAugmentedTimeTpl::get_shoulder_weights' was not declared or defined.
/home/tcorberes/Desktop/sfe/quadruped-walkgen/include/quadruped-walkgen/quadruped_augmented_time.hxx:283: warning: documented symbol `void quadruped_walkgen::ActionModelQuadrupedAugmentedTimeTpl::set_shoulder_weights' was not declared or defined.
/home/tcorberes/Desktop/sfe/quadruped-walkgen/include/quadruped-walkgen/quadruped_augmented_time.hxx:292: warning: documented symbol `const Eigen::Matrix< Scalar, 8, 1 > & quadruped_walkgen::ActionModelQuadrupedAugmentedTimeTpl::get_shoulder_position' was not declared or defined.
/home/tcorberes/Desktop/sfe/quadruped-walkgen/include/quadruped-walkgen/quadruped_augmented_time.hxx:296: warning: documented symbol `void quadruped_walkgen::ActionModelQuadrupedAugmentedTimeTpl::set_shoulder_position' was not declared or defined.
/home/tcorberes/Desktop/sfe/quadruped-walkgen/include/quadruped-walkgen/quadruped_augmented_time.hxx:305: warning: documented symbol `const Eigen::Matrix< Scalar, 8, 1 > & quadruped_walkgen::ActionModelQuadrupedAugmentedTimeTpl::get_last_position_weights' was not declared or defined.
/home/tcorberes/Desktop/sfe/quadruped-walkgen/include/quadruped-walkgen/quadruped_augmented_time.hxx:309: warning: documented symbol `void quadruped_walkgen::ActionModelQuadrupedAugmentedTimeTpl::set_last_position_weights' was not declared or defined.
/home/tcorberes/Desktop/sfe/quadruped-walkgen/include/quadruped-walkgen/quadruped_augmented_time.hxx:320: warning: documented symbol `const Scalar & quadruped_walkgen::ActionModelQuadrupedAugmentedTimeTpl::get_friction_weight' was not declared or defined.
/home/tcorberes/Desktop/sfe/quadruped-walkgen/include/quadruped-walkgen/quadruped_augmented_time.hxx:324: warning: documented symbol `void quadruped_walkgen::ActionModelQuadrupedAugmentedTimeTpl::set_friction_weight' was not declared or defined.
/home/tcorberes/Desktop/sfe/quadruped-walkgen/include/quadruped-walkgen/quadruped_augmented_time.hxx:330: warning: documented symbol `const Scalar & quadruped_walkgen::ActionModelQuadrupedAugmentedTimeTpl::get_mu' was not declared or defined.
/home/tcorberes/Desktop/sfe/quadruped-walkgen/include/quadruped-walkgen/quadruped_augmented_time.hxx:334: warning: documented symbol `void quadruped_walkgen::ActionModelQuadrupedAugmentedTimeTpl::set_mu' was not declared or defined.
/home/tcorberes/Desktop/sfe/quadruped-walkgen/include/quadruped-walkgen/quadruped_augmented_time.hxx:339: warning: documented symbol `const Scalar & quadruped_walkgen::ActionModelQuadrupedAugmentedTimeTpl::get_mass' was not declared or defined.
/home/tcorberes/Desktop/sfe/quadruped-walkgen/include/quadruped-walkgen/quadruped_augmented_time.hxx:343: warning: documented symbol `void quadruped_walkgen::ActionModelQuadrupedAugmentedTimeTpl::set_mass' was not declared or defined.
/home/tcorberes/Desktop/sfe/quadruped-walkgen/include/quadruped-walkgen/quadruped_augmented_time.hxx:349: warning: documented symbol `const Scalar & quadruped_walkgen::ActionModelQuadrupedAugmentedTimeTpl::get_dt_min' was not declared or defined.
/home/tcorberes/Desktop/sfe/quadruped-walkgen/include/quadruped-walkgen/quadruped_augmented_time.hxx:353: warning: documented symbol `void quadruped_walkgen::ActionModelQuadrupedAugmentedTimeTpl::set_dt_min' was not declared or defined.
/home/tcorberes/Desktop/sfe/quadruped-walkgen/include/quadruped-walkgen/quadruped_augmented_time.hxx:359: warning: documented symbol `const Scalar & quadruped_walkgen::ActionModelQuadrupedAugmentedTimeTpl::get_dt_max' was not declared or defined.
/home/tcorberes/Desktop/sfe/quadruped-walkgen/include/quadruped-walkgen/quadruped_augmented_time.hxx:363: warning: documented symbol `void quadruped_walkgen::ActionModelQuadrupedAugmentedTimeTpl::set_dt_max' was not declared or defined.
/home/tcorberes/Desktop/sfe/quadruped-walkgen/include/quadruped-walkgen/quadruped_augmented_time.hxx:369: warning: documented symbol `const Eigen::Matrix< Scalar, 3, 3 > & quadruped_walkgen::ActionModelQuadrupedAugmentedTimeTpl::get_gI' was not declared or defined.
/home/tcorberes/Desktop/sfe/quadruped-walkgen/include/quadruped-walkgen/quadruped_augmented_time.hxx:373: warning: documented symbol `void quadruped_walkgen::ActionModelQuadrupedAugmentedTimeTpl::set_gI' was not declared or defined.
/home/tcorberes/Desktop/sfe/quadruped-walkgen/include/quadruped-walkgen/quadruped_augmented_time.hxx:383: warning: documented symbol `const Scalar & quadruped_walkgen::ActionModelQuadrupedAugmentedTimeTpl::get_min_fz_contact' was not declared or defined.
/home/tcorberes/Desktop/sfe/quadruped-walkgen/include/quadruped-walkgen/quadruped_augmented_time.hxx:388: warning: documented symbol `void quadruped_walkgen::ActionModelQuadrupedAugmentedTimeTpl::set_min_fz_contact' was not declared or defined.
/home/tcorberes/Desktop/sfe/quadruped-walkgen/include/quadruped-walkgen/quadruped_augmented_time.hxx:394: warning: documented symbol `const Scalar & quadruped_walkgen::ActionModelQuadrupedAugmentedTimeTpl::get_max_fz_contact' was not declared or defined.
/home/tcorberes/Desktop/sfe/quadruped-walkgen/include/quadruped-walkgen/quadruped_augmented_time.hxx:399: warning: documented symbol `void quadruped_walkgen::ActionModelQuadrupedAugmentedTimeTpl::set_max_fz_contact' was not declared or defined.
/home/tcorberes/Desktop/sfe/quadruped-walkgen/include/quadruped-walkgen/quadruped_augmented_time.hxx:411: warning: documented symbol `const bool & quadruped_walkgen::ActionModelQuadrupedAugmentedTimeTpl::get_symmetry_term' was not declared or defined.
/home/tcorberes/Desktop/sfe/quadruped-walkgen/include/quadruped-walkgen/quadruped_augmented_time.hxx:415: warning: documented symbol `void quadruped_walkgen::ActionModelQuadrupedAugmentedTimeTpl::set_symmetry_term' was not declared or defined.
/home/tcorberes/Desktop/sfe/quadruped-walkgen/include/quadruped-walkgen/quadruped_augmented_time.hxx:421: warning: documented symbol `const bool & quadruped_walkgen::ActionModelQuadrupedAugmentedTimeTpl::get_centrifugal_term' was not declared or defined.
/home/tcorberes/Desktop/sfe/quadruped-walkgen/include/quadruped-walkgen/quadruped_augmented_time.hxx:425: warning: documented symbol `void quadruped_walkgen::ActionModelQuadrupedAugmentedTimeTpl::set_centrifugal_term' was not declared or defined.
/home/tcorberes/Desktop/sfe/quadruped-walkgen/include/quadruped-walkgen/quadruped_augmented_time.hxx:431: warning: documented symbol `const Scalar & quadruped_walkgen::ActionModelQuadrupedAugmentedTimeTpl::get_T_gait' was not declared or defined.
/home/tcorberes/Desktop/sfe/quadruped-walkgen/include/quadruped-walkgen/quadruped_augmented_time.hxx:436: warning: documented symbol `void quadruped_walkgen::ActionModelQuadrupedAugmentedTimeTpl::set_T_gait' was not declared or defined.
/home/tcorberes/Desktop/sfe/quadruped-walkgen/include/quadruped-walkgen/quadruped_augmented_time.hxx:445: warning: documented symbol `const Scalar & quadruped_walkgen::ActionModelQuadrupedAugmentedTimeTpl::get_dt_bound_weight' was not declared or defined.
/home/tcorberes/Desktop/sfe/quadruped-walkgen/include/quadruped-walkgen/quadruped_augmented_time.hxx:450: warning: documented symbol `void quadruped_walkgen::ActionModelQuadrupedAugmentedTimeTpl::set_dt_bound_weight' was not declared or defined.
/home/tcorberes/Desktop/sfe/quadruped-walkgen/include/quadruped-walkgen/quadruped_augmented_time.hxx:457: warning: documented symbol `const Eigen::Matrix< Scalar, 7, 1 > & quadruped_walkgen::ActionModelQuadrupedAugmentedTimeTpl::get_cost' was not declared or defined.
/home/tcorberes/Desktop/sfe/quadruped-walkgen/include/quadruped-walkgen/quadruped_augmented_time.hxx:466: warning: documented symbol `const Eigen::Matrix< Scalar, 12, 12 > & quadruped_walkgen::ActionModelQuadrupedAugmentedTimeTpl::get_A' was not declared or defined.
/home/tcorberes/Desktop/sfe/quadruped-walkgen/include/quadruped-walkgen/quadruped_augmented_time.hxx:470: warning: documented symbol `const Eigen::Matrix< Scalar, 12, 12 > & quadruped_walkgen::ActionModelQuadrupedAugmentedTimeTpl::get_B' was not declared or defined.
/home/tcorberes/Desktop/sfe/quadruped-walkgen/include/quadruped-walkgen/quadruped_augmented_time.hxx:480: warning: documented symbol `void quadruped_walkgen::ActionModelQuadrupedAugmentedTimeTpl::update_model' was not declared or defined.
/home/tcorberes/Desktop/sfe/quadruped-walkgen/include/quadruped-walkgen/quadruped_nl.hxx:9: warning: documented symbol `quadruped_walkgen::ActionModelQuadrupedNonLinearTpl::ActionModelQuadrupedNonLinearTpl' was not declared or defined.
/home/tcorberes/Desktop/sfe/quadruped-walkgen/include/quadruped-walkgen/quadruped_nl.hxx:68: warning: documented symbol `quadruped_walkgen::ActionModelQuadrupedNonLinearTpl::~ActionModelQuadrupedNonLinearTpl' was not declared or defined.
/home/tcorberes/Desktop/sfe/quadruped-walkgen/include/quadruped-walkgen/quadruped_nl.hxx:72: warning: documented symbol `void quadruped_walkgen::ActionModelQuadrupedNonLinearTpl::calc' was not declared or defined.
/home/tcorberes/Desktop/sfe/quadruped-walkgen/include/quadruped-walkgen/quadruped_nl.hxx:141: warning: documented symbol `void quadruped_walkgen::ActionModelQuadrupedNonLinearTpl::calcDiff' was not declared or defined.
/home/tcorberes/Desktop/sfe/quadruped-walkgen/include/quadruped-walkgen/quadruped_nl.hxx:236: warning: documented symbol `boost::shared_ptr< crocoddyl::ActionDataAbstractTpl< Scalar > > quadruped_walkgen::ActionModelQuadrupedNonLinearTpl::createData' was not declared or defined.
/home/tcorberes/Desktop/sfe/quadruped-walkgen/include/quadruped-walkgen/quadruped_nl.hxx:245: warning: documented symbol `const Eigen::Matrix< Scalar, 12, 1 > & quadruped_walkgen::ActionModelQuadrupedNonLinearTpl::get_force_weights' was not declared or defined.
/home/tcorberes/Desktop/sfe/quadruped-walkgen/include/quadruped-walkgen/quadruped_nl.hxx:249: warning: documented symbol `void quadruped_walkgen::ActionModelQuadrupedNonLinearTpl::set_force_weights' was not declared or defined.
/home/tcorberes/Desktop/sfe/quadruped-walkgen/include/quadruped-walkgen/quadruped_nl.hxx:259: warning: documented symbol `const Eigen::Matrix< Scalar, 12, 1 > & quadruped_walkgen::ActionModelQuadrupedNonLinearTpl::get_state_weights' was not declared or defined.
/home/tcorberes/Desktop/sfe/quadruped-walkgen/include/quadruped-walkgen/quadruped_nl.hxx:263: warning: documented symbol `void quadruped_walkgen::ActionModelQuadrupedNonLinearTpl::set_state_weights' was not declared or defined.
/home/tcorberes/Desktop/sfe/quadruped-walkgen/include/quadruped-walkgen/quadruped_nl.hxx:273: warning: documented symbol `const Scalar & quadruped_walkgen::ActionModelQuadrupedNonLinearTpl::get_friction_weight' was not declared or defined.
/home/tcorberes/Desktop/sfe/quadruped-walkgen/include/quadruped-walkgen/quadruped_nl.hxx:277: warning: documented symbol `void quadruped_walkgen::ActionModelQuadrupedNonLinearTpl::set_friction_weight' was not declared or defined.
/home/tcorberes/Desktop/sfe/quadruped-walkgen/include/quadruped-walkgen/quadruped_nl.hxx:283: warning: documented symbol `const Scalar & quadruped_walkgen::ActionModelQuadrupedNonLinearTpl::get_mu' was not declared or defined.
/home/tcorberes/Desktop/sfe/quadruped-walkgen/include/quadruped-walkgen/quadruped_nl.hxx:287: warning: documented symbol `void quadruped_walkgen::ActionModelQuadrupedNonLinearTpl::set_mu' was not declared or defined.
/home/tcorberes/Desktop/sfe/quadruped-walkgen/include/quadruped-walkgen/quadruped_nl.hxx:292: warning: documented symbol `const Scalar & quadruped_walkgen::ActionModelQuadrupedNonLinearTpl::get_mass' was not declared or defined.
/home/tcorberes/Desktop/sfe/quadruped-walkgen/include/quadruped-walkgen/quadruped_nl.hxx:296: warning: documented symbol `void quadruped_walkgen::ActionModelQuadrupedNonLinearTpl::set_mass' was not declared or defined.
/home/tcorberes/Desktop/sfe/quadruped-walkgen/include/quadruped-walkgen/quadruped_nl.hxx:302: warning: documented symbol `const Scalar & quadruped_walkgen::ActionModelQuadrupedNonLinearTpl::get_dt' was not declared or defined.
/home/tcorberes/Desktop/sfe/quadruped-walkgen/include/quadruped-walkgen/quadruped_nl.hxx:306: warning: documented symbol `void quadruped_walkgen::ActionModelQuadrupedNonLinearTpl::set_dt' was not declared or defined.
/home/tcorberes/Desktop/sfe/quadruped-walkgen/include/quadruped-walkgen/quadruped_nl.hxx:314: warning: documented symbol `const Eigen::Matrix< Scalar, 3, 3 > & quadruped_walkgen::ActionModelQuadrupedNonLinearTpl::get_gI' was not declared or defined.
/home/tcorberes/Desktop/sfe/quadruped-walkgen/include/quadruped-walkgen/quadruped_nl.hxx:318: warning: documented symbol `void quadruped_walkgen::ActionModelQuadrupedNonLinearTpl::set_gI' was not declared or defined.
/home/tcorberes/Desktop/sfe/quadruped-walkgen/include/quadruped-walkgen/quadruped_nl.hxx:328: warning: documented symbol `const Scalar & quadruped_walkgen::ActionModelQuadrupedNonLinearTpl::get_min_fz_contact' was not declared or defined.
/home/tcorberes/Desktop/sfe/quadruped-walkgen/include/quadruped-walkgen/quadruped_nl.hxx:333: warning: documented symbol `void quadruped_walkgen::ActionModelQuadrupedNonLinearTpl::set_min_fz_contact' was not declared or defined.
/home/tcorberes/Desktop/sfe/quadruped-walkgen/include/quadruped-walkgen/quadruped_nl.hxx:339: warning: documented symbol `const Scalar & quadruped_walkgen::ActionModelQuadrupedNonLinearTpl::get_max_fz_contact' was not declared or defined.
/home/tcorberes/Desktop/sfe/quadruped-walkgen/include/quadruped-walkgen/quadruped_nl.hxx:344: warning: documented symbol `void quadruped_walkgen::ActionModelQuadrupedNonLinearTpl::set_max_fz_contact' was not declared or defined.
/home/tcorberes/Desktop/sfe/quadruped-walkgen/include/quadruped-walkgen/quadruped_nl.hxx:353: warning: documented symbol `const Scalar & quadruped_walkgen::ActionModelQuadrupedNonLinearTpl::get_shoulder_hlim' was not declared or defined.
/home/tcorberes/Desktop/sfe/quadruped-walkgen/include/quadruped-walkgen/quadruped_nl.hxx:357: warning: documented symbol `void quadruped_walkgen::ActionModelQuadrupedNonLinearTpl::set_shoulder_hlim' was not declared or defined.
/home/tcorberes/Desktop/sfe/quadruped-walkgen/include/quadruped-walkgen/quadruped_nl.hxx:363: warning: documented symbol `const Scalar & quadruped_walkgen::ActionModelQuadrupedNonLinearTpl::get_shoulder_weight' was not declared or defined.
/home/tcorberes/Desktop/sfe/quadruped-walkgen/include/quadruped-walkgen/quadruped_nl.hxx:367: warning: documented symbol `void quadruped_walkgen::ActionModelQuadrupedNonLinearTpl::set_shoulder_weight' was not declared or defined.
/home/tcorberes/Desktop/sfe/quadruped-walkgen/include/quadruped-walkgen/quadruped_nl.hxx:377: warning: documented symbol `const Eigen::Matrix< Scalar, 12, 12 > & quadruped_walkgen::ActionModelQuadrupedNonLinearTpl::get_A' was not declared or defined.
/home/tcorberes/Desktop/sfe/quadruped-walkgen/include/quadruped-walkgen/quadruped_nl.hxx:381: warning: documented symbol `const Eigen::Matrix< Scalar, 12, 12 > & quadruped_walkgen::ActionModelQuadrupedNonLinearTpl::get_B' was not declared or defined.
/home/tcorberes/Desktop/sfe/quadruped-walkgen/include/quadruped-walkgen/quadruped_nl.hxx:391: warning: documented symbol `void quadruped_walkgen::ActionModelQuadrupedNonLinearTpl::update_model' was not declared or defined.
/home/tcorberes/Desktop/sfe/quadruped-walkgen/include/quadruped-walkgen/quadruped_step.hxx:9: warning: documented symbol `quadruped_walkgen::ActionModelQuadrupedStepTpl::ActionModelQuadrupedStepTpl' was not declared or defined.
/home/tcorberes/Desktop/sfe/quadruped-walkgen/include/quadruped-walkgen/quadruped_step.hxx:37: warning: documented symbol `quadruped_walkgen::ActionModelQuadrupedStepTpl::~ActionModelQuadrupedStepTpl' was not declared or defined.
/home/tcorberes/Desktop/sfe/quadruped-walkgen/include/quadruped-walkgen/quadruped_step.hxx:41: warning: documented symbol `void quadruped_walkgen::ActionModelQuadrupedStepTpl::calc' was not declared or defined.
/home/tcorberes/Desktop/sfe/quadruped-walkgen/include/quadruped-walkgen/quadruped_step.hxx:68: warning: documented symbol `void quadruped_walkgen::ActionModelQuadrupedStepTpl::calcDiff' was not declared or defined.
/home/tcorberes/Desktop/sfe/quadruped-walkgen/include/quadruped-walkgen/quadruped_step.hxx:102: warning: documented symbol `boost::shared_ptr< crocoddyl::ActionDataAbstractTpl< Scalar > > quadruped_walkgen::ActionModelQuadrupedStepTpl::createData' was not declared or defined.
/home/tcorberes/Desktop/sfe/quadruped-walkgen/include/quadruped-walkgen/quadruped_step.hxx:112: warning: documented symbol `const Eigen::Matrix< Scalar, 12, 1 > & quadruped_walkgen::ActionModelQuadrupedStepTpl::get_state_weights' was not declared or defined.
/home/tcorberes/Desktop/sfe/quadruped-walkgen/include/quadruped-walkgen/quadruped_step.hxx:116: warning: documented symbol `void quadruped_walkgen::ActionModelQuadrupedStepTpl::set_state_weights' was not declared or defined.
/home/tcorberes/Desktop/sfe/quadruped-walkgen/include/quadruped-walkgen/quadruped_step.hxx:125: warning: documented symbol `const Eigen::Matrix< Scalar, 4, 1 > & quadruped_walkgen::ActionModelQuadrupedStepTpl::get_step_weights' was not declared or defined.
/home/tcorberes/Desktop/sfe/quadruped-walkgen/include/quadruped-walkgen/quadruped_step.hxx:129: warning: documented symbol `void quadruped_walkgen::ActionModelQuadrupedStepTpl::set_step_weights' was not declared or defined.
/home/tcorberes/Desktop/sfe/quadruped-walkgen/include/quadruped-walkgen/quadruped_step.hxx:138: warning: documented symbol `const Eigen::Matrix< Scalar, 8, 1 > & quadruped_walkgen::ActionModelQuadrupedStepTpl::get_shoulder_weights' was not declared or defined.
/home/tcorberes/Desktop/sfe/quadruped-walkgen/include/quadruped-walkgen/quadruped_step.hxx:142: warning: documented symbol `void quadruped_walkgen::ActionModelQuadrupedStepTpl::set_shoulder_weights' was not declared or defined.
/home/tcorberes/Desktop/sfe/quadruped-walkgen/include/quadruped-walkgen/quadruped_step.hxx:151: warning: documented symbol `const Eigen::Matrix< Scalar, 8, 1 > & quadruped_walkgen::ActionModelQuadrupedStepTpl::get_shoulder_position' was not declared or defined.
/home/tcorberes/Desktop/sfe/quadruped-walkgen/include/quadruped-walkgen/quadruped_step.hxx:155: warning: documented symbol `void quadruped_walkgen::ActionModelQuadrupedStepTpl::set_shoulder_position' was not declared or defined.
/home/tcorberes/Desktop/sfe/quadruped-walkgen/include/quadruped-walkgen/quadruped_step.hxx:164: warning: documented symbol `const bool & quadruped_walkgen::ActionModelQuadrupedStepTpl::get_symmetry_term' was not declared or defined.
/home/tcorberes/Desktop/sfe/quadruped-walkgen/include/quadruped-walkgen/quadruped_step.hxx:168: warning: documented symbol `void quadruped_walkgen::ActionModelQuadrupedStepTpl::set_symmetry_term' was not declared or defined.
/home/tcorberes/Desktop/sfe/quadruped-walkgen/include/quadruped-walkgen/quadruped_step.hxx:174: warning: documented symbol `const bool & quadruped_walkgen::ActionModelQuadrupedStepTpl::get_centrifugal_term' was not declared or defined.
/home/tcorberes/Desktop/sfe/quadruped-walkgen/include/quadruped-walkgen/quadruped_step.hxx:178: warning: documented symbol `void quadruped_walkgen::ActionModelQuadrupedStepTpl::set_centrifugal_term' was not declared or defined.
/home/tcorberes/Desktop/sfe/quadruped-walkgen/include/quadruped-walkgen/quadruped_step.hxx:184: warning: documented symbol `const Scalar & quadruped_walkgen::ActionModelQuadrupedStepTpl::get_T_gait' was not declared or defined.
/home/tcorberes/Desktop/sfe/quadruped-walkgen/include/quadruped-walkgen/quadruped_step.hxx:189: warning: documented symbol `void quadruped_walkgen::ActionModelQuadrupedStepTpl::set_T_gait' was not declared or defined.
/home/tcorberes/Desktop/sfe/quadruped-walkgen/include/quadruped-walkgen/quadruped_step.hxx:200: warning: documented symbol `void quadruped_walkgen::ActionModelQuadrupedStepTpl::update_model' was not declared or defined.
/home/tcorberes/Desktop/sfe/quadruped-walkgen/include/quadruped-walkgen/quadruped_step_period.hxx:9: warning: documented symbol `quadruped_walkgen::ActionModelQuadrupedStepPeriodTpl::ActionModelQuadrupedStepPeriodTpl' was not declared or defined.
/home/tcorberes/Desktop/sfe/quadruped-walkgen/include/quadruped-walkgen/quadruped_step_period.hxx:49: warning: documented symbol `quadruped_walkgen::ActionModelQuadrupedStepPeriodTpl::~ActionModelQuadrupedStepPeriodTpl' was not declared or defined.
/home/tcorberes/Desktop/sfe/quadruped-walkgen/include/quadruped-walkgen/quadruped_step_period.hxx:53: warning: documented symbol `void quadruped_walkgen::ActionModelQuadrupedStepPeriodTpl::calc' was not declared or defined.
/home/tcorberes/Desktop/sfe/quadruped-walkgen/include/quadruped-walkgen/quadruped_step_period.hxx:89: warning: documented symbol `void quadruped_walkgen::ActionModelQuadrupedStepPeriodTpl::calcDiff' was not declared or defined.
/home/tcorberes/Desktop/sfe/quadruped-walkgen/include/quadruped-walkgen/quadruped_step_period.hxx:167: warning: documented symbol `boost::shared_ptr< crocoddyl::ActionDataAbstractTpl< Scalar > > quadruped_walkgen::ActionModelQuadrupedStepPeriodTpl::createData' was not declared or defined.
/home/tcorberes/Desktop/sfe/quadruped-walkgen/include/quadruped-walkgen/quadruped_step_period.hxx:177: warning: documented symbol `const Eigen::Matrix< Scalar, 12, 1 > & quadruped_walkgen::ActionModelQuadrupedStepPeriodTpl::get_state_weights' was not declared or defined.
/home/tcorberes/Desktop/sfe/quadruped-walkgen/include/quadruped-walkgen/quadruped_step_period.hxx:181: warning: documented symbol `void quadruped_walkgen::ActionModelQuadrupedStepPeriodTpl::set_state_weights' was not declared or defined.
/home/tcorberes/Desktop/sfe/quadruped-walkgen/include/quadruped-walkgen/quadruped_step_period.hxx:190: warning: documented symbol `const Eigen::Matrix< Scalar, 4, 1 > & quadruped_walkgen::ActionModelQuadrupedStepPeriodTpl::get_step_weights' was not declared or defined.
/home/tcorberes/Desktop/sfe/quadruped-walkgen/include/quadruped-walkgen/quadruped_step_period.hxx:194: warning: documented symbol `void quadruped_walkgen::ActionModelQuadrupedStepPeriodTpl::set_step_weights' was not declared or defined.
/home/tcorberes/Desktop/sfe/quadruped-walkgen/include/quadruped-walkgen/quadruped_step_period.hxx:203: warning: documented symbol `const Eigen::Matrix< Scalar, 8, 1 > & quadruped_walkgen::ActionModelQuadrupedStepPeriodTpl::get_shoulder_weights' was not declared or defined.
/home/tcorberes/Desktop/sfe/quadruped-walkgen/include/quadruped-walkgen/quadruped_step_period.hxx:207: warning: documented symbol `void quadruped_walkgen::ActionModelQuadrupedStepPeriodTpl::set_shoulder_weights' was not declared or defined.
/home/tcorberes/Desktop/sfe/quadruped-walkgen/include/quadruped-walkgen/quadruped_step_period.hxx:216: warning: documented symbol `const Eigen::Matrix< Scalar, 8, 1 > & quadruped_walkgen::ActionModelQuadrupedStepPeriodTpl::get_shoulder_position' was not declared or defined.
/home/tcorberes/Desktop/sfe/quadruped-walkgen/include/quadruped-walkgen/quadruped_step_period.hxx:220: warning: documented symbol `void quadruped_walkgen::ActionModelQuadrupedStepPeriodTpl::set_shoulder_position' was not declared or defined.
/home/tcorberes/Desktop/sfe/quadruped-walkgen/include/quadruped-walkgen/quadruped_step_period.hxx:229: warning: documented symbol `const bool & quadruped_walkgen::ActionModelQuadrupedStepPeriodTpl::get_symmetry_term' was not declared or defined.
/home/tcorberes/Desktop/sfe/quadruped-walkgen/include/quadruped-walkgen/quadruped_step_period.hxx:233: warning: documented symbol `void quadruped_walkgen::ActionModelQuadrupedStepPeriodTpl::set_symmetry_term' was not declared or defined.
/home/tcorberes/Desktop/sfe/quadruped-walkgen/include/quadruped-walkgen/quadruped_step_period.hxx:239: warning: documented symbol `const bool & quadruped_walkgen::ActionModelQuadrupedStepPeriodTpl::get_centrifugal_term' was not declared or defined.
/home/tcorberes/Desktop/sfe/quadruped-walkgen/include/quadruped-walkgen/quadruped_step_period.hxx:243: warning: documented symbol `void quadruped_walkgen::ActionModelQuadrupedStepPeriodTpl::set_centrifugal_term' was not declared or defined.
/home/tcorberes/Desktop/sfe/quadruped-walkgen/include/quadruped-walkgen/quadruped_step_period.hxx:249: warning: documented symbol `const Scalar & quadruped_walkgen::ActionModelQuadrupedStepPeriodTpl::get_T_gait' was not declared or defined.
/home/tcorberes/Desktop/sfe/quadruped-walkgen/include/quadruped-walkgen/quadruped_step_period.hxx:254: warning: documented symbol `void quadruped_walkgen::ActionModelQuadrupedStepPeriodTpl::set_T_gait' was not declared or defined.
/home/tcorberes/Desktop/sfe/quadruped-walkgen/include/quadruped-walkgen/quadruped_step_period.hxx:260: warning: documented symbol `const Scalar & quadruped_walkgen::ActionModelQuadrupedStepPeriodTpl::get_dt_weight' was not declared or defined.
/home/tcorberes/Desktop/sfe/quadruped-walkgen/include/quadruped-walkgen/quadruped_step_period.hxx:265: warning: documented symbol `void quadruped_walkgen::ActionModelQuadrupedStepPeriodTpl::set_dt_weight' was not declared or defined.
/home/tcorberes/Desktop/sfe/quadruped-walkgen/include/quadruped-walkgen/quadruped_step_period.hxx:271: warning: documented symbol `const Scalar & quadruped_walkgen::ActionModelQuadrupedStepPeriodTpl::get_speed_weight' was not declared or defined.
/home/tcorberes/Desktop/sfe/quadruped-walkgen/include/quadruped-walkgen/quadruped_step_period.hxx:276: warning: documented symbol `void quadruped_walkgen::ActionModelQuadrupedStepPeriodTpl::set_speed_weight' was not declared or defined.
/home/tcorberes/Desktop/sfe/quadruped-walkgen/include/quadruped-walkgen/quadruped_step_period.hxx:282: warning: documented symbol `const Scalar & quadruped_walkgen::ActionModelQuadrupedStepPeriodTpl::get_dt_bound_weight' was not declared or defined.
/home/tcorberes/Desktop/sfe/quadruped-walkgen/include/quadruped-walkgen/quadruped_step_period.hxx:287: warning: documented symbol `void quadruped_walkgen::ActionModelQuadrupedStepPeriodTpl::set_dt_bound_weight' was not declared or defined.
/home/tcorberes/Desktop/sfe/quadruped-walkgen/include/quadruped-walkgen/quadruped_step_period.hxx:293: warning: documented symbol `const Scalar & quadruped_walkgen::ActionModelQuadrupedStepPeriodTpl::get_nb_nodes' was not declared or defined.
/home/tcorberes/Desktop/sfe/quadruped-walkgen/include/quadruped-walkgen/quadruped_step_period.hxx:298: warning: documented symbol `void quadruped_walkgen::ActionModelQuadrupedStepPeriodTpl::set_nb_nodes' was not declared or defined.
/home/tcorberes/Desktop/sfe/quadruped-walkgen/include/quadruped-walkgen/quadruped_step_period.hxx:305: warning: documented symbol `const Scalar & quadruped_walkgen::ActionModelQuadrupedStepPeriodTpl::get_vlim' was not declared or defined.
/home/tcorberes/Desktop/sfe/quadruped-walkgen/include/quadruped-walkgen/quadruped_step_period.hxx:310: warning: documented symbol `void quadruped_walkgen::ActionModelQuadrupedStepPeriodTpl::set_vlim' was not declared or defined.
/home/tcorberes/Desktop/sfe/quadruped-walkgen/include/quadruped-walkgen/quadruped_step_period.hxx:317: warning: documented symbol `const Scalar & quadruped_walkgen::ActionModelQuadrupedStepPeriodTpl::get_dt_ref' was not declared or defined.
/home/tcorberes/Desktop/sfe/quadruped-walkgen/include/quadruped-walkgen/quadruped_step_period.hxx:321: warning: documented symbol `void quadruped_walkgen::ActionModelQuadrupedStepPeriodTpl::set_dt_ref' was not declared or defined.
/home/tcorberes/Desktop/sfe/quadruped-walkgen/include/quadruped-walkgen/quadruped_step_period.hxx:327: warning: documented symbol `const Scalar & quadruped_walkgen::ActionModelQuadrupedStepPeriodTpl::get_dt_min' was not declared or defined.
/home/tcorberes/Desktop/sfe/quadruped-walkgen/include/quadruped-walkgen/quadruped_step_period.hxx:331: warning: documented symbol `void quadruped_walkgen::ActionModelQuadrupedStepPeriodTpl::set_dt_min' was not declared or defined.
/home/tcorberes/Desktop/sfe/quadruped-walkgen/include/quadruped-walkgen/quadruped_step_period.hxx:337: warning: documented symbol `const Scalar & quadruped_walkgen::ActionModelQuadrupedStepPeriodTpl::get_dt_max' was not declared or defined.
/home/tcorberes/Desktop/sfe/quadruped-walkgen/include/quadruped-walkgen/quadruped_step_period.hxx:341: warning: documented symbol `void quadruped_walkgen::ActionModelQuadrupedStepPeriodTpl::set_dt_max' was not declared or defined.
/home/tcorberes/Desktop/sfe/quadruped-walkgen/include/quadruped-walkgen/quadruped_step_period.hxx:353: warning: documented symbol `void quadruped_walkgen::ActionModelQuadrupedStepPeriodTpl::update_model' was not declared or defined.
/home/tcorberes/Desktop/sfe/quadruped-walkgen/include/quadruped-walkgen/quadruped_step_time.hxx:9: warning: documented symbol `quadruped_walkgen::ActionModelQuadrupedStepTimeTpl::ActionModelQuadrupedStepTimeTpl' was not declared or defined.
/home/tcorberes/Desktop/sfe/quadruped-walkgen/include/quadruped-walkgen/quadruped_step_time.hxx:49: warning: documented symbol `quadruped_walkgen::ActionModelQuadrupedStepTimeTpl::~ActionModelQuadrupedStepTimeTpl' was not declared or defined.
/home/tcorberes/Desktop/sfe/quadruped-walkgen/include/quadruped-walkgen/quadruped_step_time.hxx:53: warning: documented symbol `void quadruped_walkgen::ActionModelQuadrupedStepTimeTpl::calc' was not declared or defined.
/home/tcorberes/Desktop/sfe/quadruped-walkgen/include/quadruped-walkgen/quadruped_step_time.hxx:95: warning: documented symbol `void quadruped_walkgen::ActionModelQuadrupedStepTimeTpl::calcDiff' was not declared or defined.
/home/tcorberes/Desktop/sfe/quadruped-walkgen/include/quadruped-walkgen/quadruped_step_time.hxx:144: warning: documented symbol `boost::shared_ptr< crocoddyl::ActionDataAbstractTpl< Scalar > > quadruped_walkgen::ActionModelQuadrupedStepTimeTpl::createData' was not declared or defined.
/home/tcorberes/Desktop/sfe/quadruped-walkgen/include/quadruped-walkgen/quadruped_step_time.hxx:154: warning: documented symbol `const Eigen::Matrix< Scalar, 12, 1 > & quadruped_walkgen::ActionModelQuadrupedStepTimeTpl::get_state_weights' was not declared or defined.
/home/tcorberes/Desktop/sfe/quadruped-walkgen/include/quadruped-walkgen/quadruped_step_time.hxx:158: warning: documented symbol `void quadruped_walkgen::ActionModelQuadrupedStepTimeTpl::set_state_weights' was not declared or defined.
/home/tcorberes/Desktop/sfe/quadruped-walkgen/include/quadruped-walkgen/quadruped_step_time.hxx:167: warning: documented symbol `const Eigen::Matrix< Scalar, 4, 1 > & quadruped_walkgen::ActionModelQuadrupedStepTimeTpl::get_step_weights' was not declared or defined.
/home/tcorberes/Desktop/sfe/quadruped-walkgen/include/quadruped-walkgen/quadruped_step_time.hxx:171: warning: documented symbol `void quadruped_walkgen::ActionModelQuadrupedStepTimeTpl::set_step_weights' was not declared or defined.
/home/tcorberes/Desktop/sfe/quadruped-walkgen/include/quadruped-walkgen/quadruped_step_time.hxx:180: warning: documented symbol `const Eigen::Matrix< Scalar, 8, 1 > & quadruped_walkgen::ActionModelQuadrupedStepTimeTpl::get_heuristic_weights' was not declared or defined.
/home/tcorberes/Desktop/sfe/quadruped-walkgen/include/quadruped-walkgen/quadruped_step_time.hxx:184: warning: documented symbol `void quadruped_walkgen::ActionModelQuadrupedStepTimeTpl::set_heuristic_weights' was not declared or defined.
/home/tcorberes/Desktop/sfe/quadruped-walkgen/include/quadruped-walkgen/quadruped_step_time.hxx:193: warning: documented symbol `const Eigen::Matrix< Scalar, 8, 1 > & quadruped_walkgen::ActionModelQuadrupedStepTimeTpl::get_shoulder_position' was not declared or defined.
/home/tcorberes/Desktop/sfe/quadruped-walkgen/include/quadruped-walkgen/quadruped_step_time.hxx:197: warning: documented symbol `void quadruped_walkgen::ActionModelQuadrupedStepTimeTpl::set_shoulder_position' was not declared or defined.
/home/tcorberes/Desktop/sfe/quadruped-walkgen/include/quadruped-walkgen/quadruped_step_time.hxx:206: warning: documented symbol `const bool & quadruped_walkgen::ActionModelQuadrupedStepTimeTpl::get_symmetry_term' was not declared or defined.
/home/tcorberes/Desktop/sfe/quadruped-walkgen/include/quadruped-walkgen/quadruped_step_time.hxx:210: warning: documented symbol `void quadruped_walkgen::ActionModelQuadrupedStepTimeTpl::set_symmetry_term' was not declared or defined.
/home/tcorberes/Desktop/sfe/quadruped-walkgen/include/quadruped-walkgen/quadruped_step_time.hxx:216: warning: documented symbol `const bool & quadruped_walkgen::ActionModelQuadrupedStepTimeTpl::get_centrifugal_term' was not declared or defined.
/home/tcorberes/Desktop/sfe/quadruped-walkgen/include/quadruped-walkgen/quadruped_step_time.hxx:220: warning: documented symbol `void quadruped_walkgen::ActionModelQuadrupedStepTimeTpl::set_centrifugal_term' was not declared or defined.
/home/tcorberes/Desktop/sfe/quadruped-walkgen/include/quadruped-walkgen/quadruped_step_time.hxx:226: warning: documented symbol `const Scalar & quadruped_walkgen::ActionModelQuadrupedStepTimeTpl::get_T_gait' was not declared or defined.
/home/tcorberes/Desktop/sfe/quadruped-walkgen/include/quadruped-walkgen/quadruped_step_time.hxx:231: warning: documented symbol `void quadruped_walkgen::ActionModelQuadrupedStepTimeTpl::set_T_gait' was not declared or defined.
/home/tcorberes/Desktop/sfe/quadruped-walkgen/include/quadruped-walkgen/quadruped_step_time.hxx:241: warning: documented symbol `const Scalar & quadruped_walkgen::ActionModelQuadrupedStepTimeTpl::get_speed_weight' was not declared or defined.
/home/tcorberes/Desktop/sfe/quadruped-walkgen/include/quadruped-walkgen/quadruped_step_time.hxx:245: warning: documented symbol `void quadruped_walkgen::ActionModelQuadrupedStepTimeTpl::set_speed_weight' was not declared or defined.
/home/tcorberes/Desktop/sfe/quadruped-walkgen/include/quadruped-walkgen/quadruped_step_time.hxx:250: warning: documented symbol `const Scalar & quadruped_walkgen::ActionModelQuadrupedStepTimeTpl::get_nb_nodes' was not declared or defined.
/home/tcorberes/Desktop/sfe/quadruped-walkgen/include/quadruped-walkgen/quadruped_step_time.hxx:254: warning: documented symbol `void quadruped_walkgen::ActionModelQuadrupedStepTimeTpl::set_nb_nodes' was not declared or defined.
/home/tcorberes/Desktop/sfe/quadruped-walkgen/include/quadruped-walkgen/quadruped_step_time.hxx:260: warning: documented symbol `const Scalar & quadruped_walkgen::ActionModelQuadrupedStepTimeTpl::get_vlim' was not declared or defined.
/home/tcorberes/Desktop/sfe/quadruped-walkgen/include/quadruped-walkgen/quadruped_step_time.hxx:264: warning: documented symbol `void quadruped_walkgen::ActionModelQuadrupedStepTimeTpl::set_vlim' was not declared or defined.
/home/tcorberes/Desktop/sfe/quadruped-walkgen/include/quadruped-walkgen/quadruped_step_time.hxx:273: warning: documented symbol `const Eigen::Matrix< Scalar, 7, 1 > & quadruped_walkgen::ActionModelQuadrupedStepTimeTpl::get_cost' was not declared or defined.
/home/tcorberes/Desktop/sfe/quadruped-walkgen/include/quadruped-walkgen/quadruped_step_time.hxx:284: warning: documented symbol `void quadruped_walkgen::ActionModelQuadrupedStepTimeTpl::update_model' was not declared or defined.
/home/tcorberes/Desktop/sfe/quadruped-walkgen/include/quadruped-walkgen/quadruped_time.hxx:9: warning: documented symbol `quadruped_walkgen::ActionModelQuadrupedTimeTpl::ActionModelQuadrupedTimeTpl' was not declared or defined.
/home/tcorberes/Desktop/sfe/quadruped-walkgen/include/quadruped-walkgen/quadruped_time.hxx:52: warning: documented symbol `quadruped_walkgen::ActionModelQuadrupedTimeTpl::~ActionModelQuadrupedTimeTpl' was not declared or defined.
/home/tcorberes/Desktop/sfe/quadruped-walkgen/include/quadruped-walkgen/quadruped_time.hxx:56: warning: documented symbol `void quadruped_walkgen::ActionModelQuadrupedTimeTpl::calc' was not declared or defined.
/home/tcorberes/Desktop/sfe/quadruped-walkgen/include/quadruped-walkgen/quadruped_time.hxx:103: warning: documented symbol `void quadruped_walkgen::ActionModelQuadrupedTimeTpl::calcDiff' was not declared or defined.
/home/tcorberes/Desktop/sfe/quadruped-walkgen/include/quadruped-walkgen/quadruped_time.hxx:140: warning: documented symbol `boost::shared_ptr< crocoddyl::ActionDataAbstractTpl< Scalar > > quadruped_walkgen::ActionModelQuadrupedTimeTpl::createData' was not declared or defined.
/home/tcorberes/Desktop/sfe/quadruped-walkgen/include/quadruped-walkgen/quadruped_time.hxx:150: warning: documented symbol `const Eigen::Matrix< Scalar, 12, 1 > & quadruped_walkgen::ActionModelQuadrupedTimeTpl::get_state_weights' was not declared or defined.
/home/tcorberes/Desktop/sfe/quadruped-walkgen/include/quadruped-walkgen/quadruped_time.hxx:154: warning: documented symbol `void quadruped_walkgen::ActionModelQuadrupedTimeTpl::set_state_weights' was not declared or defined.
/home/tcorberes/Desktop/sfe/quadruped-walkgen/include/quadruped-walkgen/quadruped_time.hxx:163: warning: documented symbol `const Eigen::Matrix< Scalar, 8, 1 > & quadruped_walkgen::ActionModelQuadrupedTimeTpl::get_shoulder_weights' was not declared or defined.
/home/tcorberes/Desktop/sfe/quadruped-walkgen/include/quadruped-walkgen/quadruped_time.hxx:167: warning: documented symbol `void quadruped_walkgen::ActionModelQuadrupedTimeTpl::set_shoulder_weights' was not declared or defined.
/home/tcorberes/Desktop/sfe/quadruped-walkgen/include/quadruped-walkgen/quadruped_time.hxx:180: warning: documented symbol `const Eigen::Matrix< Scalar, 8, 1 > & quadruped_walkgen::ActionModelQuadrupedTimeTpl::get_shoulder_position' was not declared or defined.
/home/tcorberes/Desktop/sfe/quadruped-walkgen/include/quadruped-walkgen/quadruped_time.hxx:184: warning: documented symbol `void quadruped_walkgen::ActionModelQuadrupedTimeTpl::set_shoulder_position' was not declared or defined.
/home/tcorberes/Desktop/sfe/quadruped-walkgen/include/quadruped-walkgen/quadruped_time.hxx:193: warning: documented symbol `const bool & quadruped_walkgen::ActionModelQuadrupedTimeTpl::get_symmetry_term' was not declared or defined.
/home/tcorberes/Desktop/sfe/quadruped-walkgen/include/quadruped-walkgen/quadruped_time.hxx:197: warning: documented symbol `void quadruped_walkgen::ActionModelQuadrupedTimeTpl::set_symmetry_term' was not declared or defined.
/home/tcorberes/Desktop/sfe/quadruped-walkgen/include/quadruped-walkgen/quadruped_time.hxx:203: warning: documented symbol `const bool & quadruped_walkgen::ActionModelQuadrupedTimeTpl::get_centrifugal_term' was not declared or defined.
/home/tcorberes/Desktop/sfe/quadruped-walkgen/include/quadruped-walkgen/quadruped_time.hxx:207: warning: documented symbol `void quadruped_walkgen::ActionModelQuadrupedTimeTpl::set_centrifugal_term' was not declared or defined.
/home/tcorberes/Desktop/sfe/quadruped-walkgen/include/quadruped-walkgen/quadruped_time.hxx:213: warning: documented symbol `const Scalar & quadruped_walkgen::ActionModelQuadrupedTimeTpl::get_T_gait' was not declared or defined.
/home/tcorberes/Desktop/sfe/quadruped-walkgen/include/quadruped-walkgen/quadruped_time.hxx:218: warning: documented symbol `void quadruped_walkgen::ActionModelQuadrupedTimeTpl::set_T_gait' was not declared or defined.
/home/tcorberes/Desktop/sfe/quadruped-walkgen/include/quadruped-walkgen/quadruped_time.hxx:226: warning: documented symbol `const Scalar & quadruped_walkgen::ActionModelQuadrupedTimeTpl::get_dt_ref' was not declared or defined.
/home/tcorberes/Desktop/sfe/quadruped-walkgen/include/quadruped-walkgen/quadruped_time.hxx:230: warning: documented symbol `void quadruped_walkgen::ActionModelQuadrupedTimeTpl::set_dt_ref' was not declared or defined.
/home/tcorberes/Desktop/sfe/quadruped-walkgen/include/quadruped-walkgen/quadruped_time.hxx:238: warning: documented symbol `const Scalar & quadruped_walkgen::ActionModelQuadrupedTimeTpl::get_dt_min' was not declared or defined.
/home/tcorberes/Desktop/sfe/quadruped-walkgen/include/quadruped-walkgen/quadruped_time.hxx:242: warning: documented symbol `void quadruped_walkgen::ActionModelQuadrupedTimeTpl::set_dt_min' was not declared or defined.
/home/tcorberes/Desktop/sfe/quadruped-walkgen/include/quadruped-walkgen/quadruped_time.hxx:246: warning: documented symbol `const Scalar & quadruped_walkgen::ActionModelQuadrupedTimeTpl::get_dt_max' was not declared or defined.
/home/tcorberes/Desktop/sfe/quadruped-walkgen/include/quadruped-walkgen/quadruped_time.hxx:250: warning: documented symbol `void quadruped_walkgen::ActionModelQuadrupedTimeTpl::set_dt_max' was not declared or defined.
/home/tcorberes/Desktop/sfe/quadruped-walkgen/include/quadruped-walkgen/quadruped_time.hxx:257: warning: documented symbol `const Scalar & quadruped_walkgen::ActionModelQuadrupedTimeTpl::get_dt_bound_weight_cmd' was not declared or defined.
/home/tcorberes/Desktop/sfe/quadruped-walkgen/include/quadruped-walkgen/quadruped_time.hxx:261: warning: documented symbol `void quadruped_walkgen::ActionModelQuadrupedTimeTpl::set_dt_bound_weight_cmd' was not declared or defined.
/home/tcorberes/Desktop/sfe/quadruped-walkgen/include/quadruped-walkgen/quadruped_time.hxx:269: warning: documented symbol `const Scalar & quadruped_walkgen::ActionModelQuadrupedTimeTpl::get_dt_weight_cmd' was not declared or defined.
/home/tcorberes/Desktop/sfe/quadruped-walkgen/include/quadruped-walkgen/quadruped_time.hxx:273: warning: documented symbol `void quadruped_walkgen::ActionModelQuadrupedTimeTpl::set_dt_weight_cmd' was not declared or defined.
/home/tcorberes/Desktop/sfe/quadruped-walkgen/include/quadruped-walkgen/quadruped_time.hxx:281: warning: documented symbol `const Eigen::Matrix< Scalar, 7, 1 > & quadruped_walkgen::ActionModelQuadrupedTimeTpl::get_cost' was not declared or defined.
/home/tcorberes/Desktop/sfe/quadruped-walkgen/include/quadruped-walkgen/quadruped_time.hxx:291: warning: documented symbol `void quadruped_walkgen::ActionModelQuadrupedTimeTpl::update_model' was not declared or defined.
